============================= test session starts ==============================
platform linux -- Python 3.12.3, pytest-9.0.3, pluggy-1.6.0 -- /mnt/c/project2026/alert dispatcher/.venv/bin/python
cachedir: .pytest_cache
rootdir: /mnt/c/project2026/alert dispatcher
configfile: pyproject.toml
testpaths: tests
plugins: anyio-4.13.0, asyncio-1.3.0
asyncio: mode=Mode.AUTO, debug=False, asyncio_default_fixture_loop_scope=None, asyncio_default_test_loop_scope=function
collecting ... collected 33 items

tests/test_dispatch_api.py::test_health PASSED                           [  3%]
tests/test_dispatch_api.py::test_dispatch_happy_path_email_only_user PASSED [  6%]
tests/test_dispatch_api.py::test_dispatch_full_fanout_user PASSED        [  9%]
tests/test_dispatch_api.py::test_dispatch_unknown_user_returns_404 PASSED [ 12%]
tests/test_dispatch_api.py::test_dispatch_missing_required_field_returns_422 PASSED [ 15%]
tests/test_dispatch_api.py::test_dispatch_empty_user_id_returns_422 PASSED [ 18%]
tests/test_dispatch_api.py::test_dispatch_muted_user_returns_status_muted_and_no_sends PASSED [ 21%]
tests/test_dispatch_api.py::test_dispatch_email_fail_persists_retry_and_does_not_500 PASSED [ 24%]
tests/test_dispatch_api.py::test_dispatch_email_fail_still_sends_slack_for_dual_channel_user PASSED [ 27%]
tests/test_email_provider.py::TestMaskEmail::test_normal_address PASSED  [ 30%]
tests/test_email_provider.py::TestMaskEmail::test_two_char_local PASSED  [ 33%]
tests/test_email_provider.py::TestMaskEmail::test_single_char_local PASSED [ 36%]
tests/test_email_provider.py::TestMaskEmail::test_empty_local PASSED     [ 39%]
tests/test_email_provider.py::TestMaskEmail::test_missing_at_sign PASSED [ 42%]
tests/test_email_provider.py::TestMaskEmail::test_empty_string PASSED    [ 45%]
tests/test_email_provider.py::TestSendEmail::test_happy_path_logs_masked_recipient PASSED [ 48%]
tests/test_email_provider.py::TestSendEmail::test_happy_path_logs_only_api_key_suffix PASSED [ 51%]
tests/test_email_provider.py::TestSendEmail::test_fail_in_subject_raises PASSED [ 54%]
tests/test_email_provider.py::TestSendEmail::test_fail_in_body_raises PASSED [ 57%]
tests/test_email_provider.py::TestSendEmail::test_fail_is_case_insensitive PASSED [ 60%]
tests/test_email_provider.py::TestSendEmail::test_failure_log_does_not_include_body_or_full_email PASSED [ 63%]
tests/test_mute_repository.py::test_unknown_user_is_not_muted PASSED     [ 66%]
tests/test_mute_repository.py::test_mute_then_is_muted PASSED            [ 69%]
tests/test_mute_repository.py::test_unmute_removes_user PASSED           [ 72%]
tests/test_mute_repository.py::test_unmute_unknown_user_is_a_no_op PASSED [ 75%]
tests/test_mute_repository.py::test_mute_is_idempotent PASSED            [ 78%]
tests/test_retry_repository.py::test_init_db_is_idempotent PASSED        [ 81%]
tests/test_retry_repository.py::test_record_email_failure_inserts_row_with_expected_defaults PASSED [ 84%]
tests/test_retry_repository.py::test_error_message_is_truncated_to_500_chars PASSED [ 87%]
tests/test_retry_repository.py::test_mark_succeeded_and_exhausted PASSED [ 90%]
tests/test_retry_repository.py::test_bump_attempt_increments_and_reschedules PASSED [ 93%]
tests/test_retry_repository.py::test_list_due_excludes_future_rows PASSED [ 96%]
tests/test_retry_repository.py::test_list_due_includes_past_rows PASSED  [100%]

============================== 33 passed in 1.73s ==============================
